Determining if the pthread_create exist failed with the following output:
Change Dir: /home/david/Projects/c/cuda/edge-detection/sequential/CMakeFiles/CMakeTmp

Run Build Command:"/usr/bin/make" "cmTC_1fca5/fast"
/usr/bin/make -f CMakeFiles/cmTC_1fca5.dir/build.make CMakeFiles/cmTC_1fca5.dir/build
make[1]: se entra en el directorio '/home/david/Projects/c/cuda/edge-detection/sequential/CMakeFiles/CMakeTmp'
Building C object CMakeFiles/cmTC_1fca5.dir/CheckSymbolExists.c.o
/usr/bin/cc    -fPIC    -o CMakeFiles/cmTC_1fca5.dir/CheckSymbolExists.c.o   -c /home/david/Projects/c/cuda/edge-detection/sequential/CMakeFiles/CMakeTmp/CheckSymbolExists.c
Linking C executable cmTC_1fca5
/usr/bin/cmake -E cmake_link_script CMakeFiles/cmTC_1fca5.dir/link.txt --verbose=1
/usr/bin/cc  -fPIC     CMakeFiles/cmTC_1fca5.dir/CheckSymbolExists.c.o  -o cmTC_1fca5 -rdynamic 
CMakeFiles/cmTC_1fca5.dir/CheckSymbolExists.c.o: En la funci√≥n `main':
CheckSymbolExists.c:(.text+0x1b): referencia a `pthread_create' sin definir
collect2: error: ld returned 1 exit status
CMakeFiles/cmTC_1fca5.dir/build.make:97: fallo en las instrucciones para el objetivo 'cmTC_1fca5'
make[1]: *** [cmTC_1fca5] Error 1
make[1]: se sale del directorio '/home/david/Projects/c/cuda/edge-detection/sequential/CMakeFiles/CMakeTmp'
Makefile:126: fallo en las instrucciones para el objetivo 'cmTC_1fca5/fast'
make: *** [cmTC_1fca5/fast] Error 2

File /home/david/Projects/c/cuda/edge-detection/sequential/CMakeFiles/CMakeTmp/CheckSymbolExists.c:
/* */
#include <pthread.h>

int main(int argc, char** argv)
{
  (void)argv;
#ifndef pthread_create
  return ((int*)(&pthread_create))[argc];
#else
  (void)argc;
  return 0;
#endif
}

Determining if the function pthread_create exists in the pthreads failed with the following output:
Change Dir: /home/david/Projects/c/cuda/edge-detection/sequential/CMakeFiles/CMakeTmp

Run Build Command:"/usr/bin/make" "cmTC_4657e/fast"
/usr/bin/make -f CMakeFiles/cmTC_4657e.dir/build.make CMakeFiles/cmTC_4657e.dir/build
make[1]: se entra en el directorio '/home/david/Projects/c/cuda/edge-detection/sequential/CMakeFiles/CMakeTmp'
Building C object CMakeFiles/cmTC_4657e.dir/CheckFunctionExists.c.o
/usr/bin/cc    -fPIC -DCHECK_FUNCTION_EXISTS=pthread_create   -o CMakeFiles/cmTC_4657e.dir/CheckFunctionExists.c.o   -c /usr/share/cmake-3.5/Modules/CheckFunctionExists.c
Linking C executable cmTC_4657e
/usr/bin/cmake -E cmake_link_script CMakeFiles/cmTC_4657e.dir/link.txt --verbose=1
/usr/bin/cc  -fPIC -DCHECK_FUNCTION_EXISTS=pthread_create    CMakeFiles/cmTC_4657e.dir/CheckFunctionExists.c.o  -o cmTC_4657e -rdynamic -lpthreads 
/usr/bin/ld: no se puede encontrar -lpthreads
collect2: error: ld returned 1 exit status
CMakeFiles/cmTC_4657e.dir/build.make:97: fallo en las instrucciones para el objetivo 'cmTC_4657e'
make[1]: *** [cmTC_4657e] Error 1
make[1]: se sale del directorio '/home/david/Projects/c/cuda/edge-detection/sequential/CMakeFiles/CMakeTmp'
Makefile:126: fallo en las instrucciones para el objetivo 'cmTC_4657e/fast'
make: *** [cmTC_4657e/fast] Error 2


